0 info it worked if it ends with ok
1 verbose cli [ 'D:\\Program Files\\nodejs\\node.exe',
1 verbose cli   'D:\\Program Files\\nodejs\\node_modules\\npm\\bin\\npm-cli.js',
1 verbose cli   'run',
1 verbose cli   'build' ]
2 info using npm@3.10.10
3 info using node@v6.9.5
4 verbose run-script [ 'prebuild', 'build', 'postbuild' ]
5 info lifecycle doggieJs@1.0.0~prebuild: doggieJs@1.0.0
6 silly lifecycle doggieJs@1.0.0~prebuild: no script for prebuild, continuing
7 info lifecycle doggieJs@1.0.0~build: doggieJs@1.0.0
8 verbose lifecycle doggieJs@1.0.0~build: unsafe-perm in lifecycle true
9 verbose lifecycle doggieJs@1.0.0~build: PATH: D:\Program Files\nodejs\node_modules\npm\bin\node-gyp-bin;E:\git\project\doggieJs\node_modules\.bin;C:\Program Files (x86)\Common Files\Microsoft Shared\Windows Live;C:\Program Files (x86)\Intel\iCLS Client\;C:\Program Files\Intel\iCLS Client\;C:\Windows\system32;C:\Windows;C:\Windows\System32\Wbem;C:\Windows\System32\WindowsPowerShell\v1.0\;C:\Program Files\Intel\Intel(R) Management Engine Components\DAL;C:\Program Files\Intel\Intel(R) Management Engine Components\IPT;C:\Program Files (x86)\Intel\Intel(R) Management Engine Components\DAL;C:\Program Files (x86)\Intel\Intel(R) Management Engine Components\IPT;E:\MATLAB7\bin\win32;C:\Program Files\Microsoft Network Monitor 3\;C:\Program Files (x86)\Windows7Master;C:\Program Files\TortoiseSVN\bin;C:\Program Files\Common Files\Autodesk Shared\;D:\Program Files (x86)\scala\bin;C:\ProgramData\chocolatey\bin;D:\Program Files\nodejs\;E:\nodejs\npm;D:\Python27;E:\gradle\gradle\bin;D:\Program Files (x86)\scala\bin;D:\cassandra\apache-cassandra-3.10\bin;E:\nodejs\npm\node_global;C:\Program Files (x86)\Windows Kits\8.1\Windows Performance Toolkit\;D:\Go\bin;D:\Go\\bin;D:\Program Files (x86)\Microsoft Visual Studio\Common\Tools\WinNT;D:\Program Files (x86)\Microsoft Visual Studio\Common\MSDev98\Bin;D:\Program Files (x86)\Microsoft Visual Studio\Common\Tools;D:\Program Files (x86)\Microsoft Visual Studio\VC98\bin;C:\Program Files\Java\jdk1.8.0_40\bin;C:\Program Files\Java\jdk1.8.0_40\jre\bin;E:\apache-maven-3.1.0\bin;C:\Program Files (x86)\MySQL\MySQL Server 5.1\bin;D:\terry_bin;E:\apache-ant-1.9.4\bin;D:\Android\android-sdk\tools;E:\apache-ant-1.9.4\bin;D:\Android\android-sdk\platform-tools;C:\Program Files (x86)\Git\bin;D:\Program Files (x86)\Microsoft Visual Studio\Common\MSDev98\Bin;D:\Program Files (x86)\Microsoft Visual Studio\VC98\Bin;C:\Program Files\Git\usr\bin;C:\Program Files\Git\bin;E:\nexus\nexus-2.11.4-01\bin\jsw\windows-x86-64;E:\nexus\nexus-2.11.4-01\bin;E:\project\Pigeon\tools\Redis-x64-2.8.2104;D:\Program Files (x86)\mosquitto;C:\Python27;E:\Spark\spark\bin;E:\hadoop\hadoop-2.7.3\bin;D:\Path;C:\Python27\Scripts;E:\nodejs\npm;D:\Program Files\Docker Toolbox;C:\Program Files (x86)\Microsoft Visual Studio 8\VC\vcpackages;D:\Program Files (x86)\snappy-windows-1.1.1.8\bin
10 verbose lifecycle doggieJs@1.0.0~build: CWD: E:\git\project\doggieJs
11 silly lifecycle doggieJs@1.0.0~build: Args: [ '/d /s /c', 'node build/build.js' ]
12 silly lifecycle doggieJs@1.0.0~build: Returned: code: 1  signal: null
13 info lifecycle doggieJs@1.0.0~build: Failed to exec build script
14 verbose stack Error: doggieJs@1.0.0 build: `node build/build.js`
14 verbose stack Exit status 1
14 verbose stack     at EventEmitter.<anonymous> (D:\Program Files\nodejs\node_modules\npm\lib\utils\lifecycle.js:255:16)
14 verbose stack     at emitTwo (events.js:106:13)
14 verbose stack     at EventEmitter.emit (events.js:191:7)
14 verbose stack     at ChildProcess.<anonymous> (D:\Program Files\nodejs\node_modules\npm\lib\utils\spawn.js:40:14)
14 verbose stack     at emitTwo (events.js:106:13)
14 verbose stack     at ChildProcess.emit (events.js:191:7)
14 verbose stack     at maybeClose (internal/child_process.js:877:16)
14 verbose stack     at Process.ChildProcess._handle.onexit (internal/child_process.js:226:5)
15 verbose pkgid doggieJs@1.0.0
16 verbose cwd E:\git\project\doggieJs
17 error Windows_NT 6.1.7601
18 error argv "D:\\Program Files\\nodejs\\node.exe" "D:\\Program Files\\nodejs\\node_modules\\npm\\bin\\npm-cli.js" "run" "build"
19 error node v6.9.5
20 error npm  v3.10.10
21 error code ELIFECYCLE
22 error doggieJs@1.0.0 build: `node build/build.js`
22 error Exit status 1
23 error Failed at the doggieJs@1.0.0 build script 'node build/build.js'.
23 error Make sure you have the latest version of node.js and npm installed.
23 error If you do, this is most likely a problem with the doggieJs package,
23 error not with npm itself.
23 error Tell the author that this fails on your system:
23 error     node build/build.js
23 error You can get information on how to open an issue for this project with:
23 error     npm bugs doggieJs
23 error Or if that isn't available, you can get their info via:
23 error     npm owner ls doggieJs
23 error There is likely additional logging output above.
24 verbose exit [ 1, true ]
