[2017-10-02 14:28:52,292] DEBUG preRegister called. Server=com.sun.jmx.mbeanserver.JmxMBeanServer@66d3c617, name=log4j:logger=kafka.controller (kafka.controller)
[2017-10-02 14:29:12,365] INFO [controller-event-thread]: Starting (kafka.controller.ControllerEventManager$ControllerEventThread)
[2017-10-02 14:29:12,425] INFO [Controller 0]: 0 successfully elected as the controller (kafka.controller.KafkaController)
[2017-10-02 14:29:12,425] INFO [Controller 0]: Broker 0 starting become controller state transition (kafka.controller.KafkaController)
[2017-10-02 14:29:12,428] INFO [Controller 0]: Initialized controller epoch to 1 and zk version 0 (kafka.controller.KafkaController)
[2017-10-02 14:29:12,449] INFO [Controller 0]: Controller 0 incremented epoch to 2 (kafka.controller.KafkaController)
[2017-10-02 14:29:12,451] DEBUG [Controller 0]: Registering IsrChangeNotificationListener (kafka.controller.KafkaController)
[2017-10-02 14:29:12,514] INFO [Controller 0]: Partitions being reassigned: Map() (kafka.controller.KafkaController)
[2017-10-02 14:29:12,515] INFO [Controller 0]: Partitions already reassigned: Set() (kafka.controller.KafkaController)
[2017-10-02 14:29:12,516] INFO [Controller 0]: Resuming reassignment of partitions: Map() (kafka.controller.KafkaController)
[2017-10-02 14:29:12,518] INFO [Controller 0]: Currently active brokers in the cluster: Set() (kafka.controller.KafkaController)
[2017-10-02 14:29:12,518] INFO [Controller 0]: Currently shutting brokers in the cluster: Set() (kafka.controller.KafkaController)
[2017-10-02 14:29:12,518] INFO [Controller 0]: Current list of topics in the cluster: Set() (kafka.controller.KafkaController)
[2017-10-02 14:29:12,522] INFO [Controller 0]: List of topics to be deleted:  (kafka.controller.KafkaController)
[2017-10-02 14:29:12,523] INFO [Controller 0]: List of topics ineligible for deletion:  (kafka.controller.KafkaController)
[2017-10-02 14:29:12,535] INFO [Replica state machine on controller 0]: Started replica state machine with initial state -> Map() (kafka.controller.ReplicaStateMachine)
[2017-10-02 14:29:12,537] INFO [Partition state machine on Controller 0]: Started partition state machine with initial state -> Map() (kafka.controller.PartitionStateMachine)
[2017-10-02 14:29:12,538] INFO [Controller 0]: Broker 0 is ready to serve as the new controller with epoch 2 (kafka.controller.KafkaController)
[2017-10-02 14:29:12,540] INFO [Controller 0]: Partitions undergoing preferred replica election:  (kafka.controller.KafkaController)
[2017-10-02 14:29:12,541] INFO [Controller 0]: Partitions that completed preferred replica election:  (kafka.controller.KafkaController)
[2017-10-02 14:29:12,541] INFO [Controller 0]: Skipping preferred replica election for partitions due to topic deletion:  (kafka.controller.KafkaController)
[2017-10-02 14:29:12,542] INFO [Controller 0]: Resuming preferred replica election for partitions:  (kafka.controller.KafkaController)
[2017-10-02 14:29:12,542] INFO [Controller 0]: Starting preferred replica leader election for partitions  (kafka.controller.KafkaController)
[2017-10-02 14:29:12,553] INFO [Partition state machine on Controller 0]: Invoking state change to OnlinePartition for partitions  (kafka.controller.PartitionStateMachine)
[2017-10-02 14:29:12,589] INFO [Controller 0]: starting the controller scheduler (kafka.controller.KafkaController)
[2017-10-02 14:29:12,665] INFO [Controller 0]: Newly added brokers: 0, deleted brokers: , all live brokers: 0 (kafka.controller.KafkaController)
[2017-10-02 14:29:12,666] DEBUG [Channel manager on controller 0]: Controller 0 trying to connect to broker 0 (kafka.controller.ControllerChannelManager)
[2017-10-02 14:29:12,687] INFO [Controller-0-to-broker-0-send-thread]: Starting (kafka.controller.RequestSendThread)
[2017-10-02 14:29:12,688] INFO [Controller 0]: New broker startup callback for 0 (kafka.controller.KafkaController)
[2017-10-02 14:29:12,701] INFO [Controller-0-to-broker-0-send-thread]: Controller 0 connected to a-PC:9092 (id: 0 rack: null) for sending state change requests (kafka.controller.RequestSendThread)
[2017-10-02 14:29:17,593] TRACE [Controller 0]: Checking need to trigger auto leader balancing (kafka.controller.KafkaController)
[2017-10-02 14:29:17,599] DEBUG [Controller 0]: Preferred replicas by broker Map() (kafka.controller.KafkaController)
[2017-10-02 14:34:17,605] TRACE [Controller 0]: Checking need to trigger auto leader balancing (kafka.controller.KafkaController)
[2017-10-02 14:34:17,605] DEBUG [Controller 0]: Preferred replicas by broker Map() (kafka.controller.KafkaController)
[2017-10-02 14:39:17,610] TRACE [Controller 0]: Checking need to trigger auto leader balancing (kafka.controller.KafkaController)
[2017-10-02 14:39:17,610] DEBUG [Controller 0]: Preferred replicas by broker Map() (kafka.controller.KafkaController)
[2017-10-02 14:44:17,615] TRACE [Controller 0]: Checking need to trigger auto leader balancing (kafka.controller.KafkaController)
[2017-10-02 14:44:17,615] DEBUG [Controller 0]: Preferred replicas by broker Map() (kafka.controller.KafkaController)
[2017-10-02 14:49:17,620] TRACE [Controller 0]: Checking need to trigger auto leader balancing (kafka.controller.KafkaController)
[2017-10-02 14:49:17,620] DEBUG [Controller 0]: Preferred replicas by broker Map() (kafka.controller.KafkaController)
[2017-10-02 14:54:17,626] TRACE [Controller 0]: Checking need to trigger auto leader balancing (kafka.controller.KafkaController)
[2017-10-02 14:54:17,627] DEBUG [Controller 0]: Preferred replicas by broker Map() (kafka.controller.KafkaController)
[2017-10-02 14:59:17,632] TRACE [Controller 0]: Checking need to trigger auto leader balancing (kafka.controller.KafkaController)
[2017-10-02 14:59:17,632] DEBUG [Controller 0]: Preferred replicas by broker Map() (kafka.controller.KafkaController)
[2017-10-02 15:04:17,637] TRACE [Controller 0]: Checking need to trigger auto leader balancing (kafka.controller.KafkaController)
[2017-10-02 15:04:17,642] DEBUG [Controller 0]: Preferred replicas by broker Map() (kafka.controller.KafkaController)
[2017-10-02 15:04:35,239] INFO [Controller 0]: New topics: [Set(device-event)], deleted topics: [Set()], new partition replica assignment [Map([device-event,0] -> List(0))] (kafka.controller.KafkaController)
[2017-10-02 15:04:35,239] INFO [Controller 0]: New topic creation callback for [device-event,0] (kafka.controller.KafkaController)
[2017-10-02 15:04:35,242] INFO [Controller 0]: New partition creation callback for [device-event,0] (kafka.controller.KafkaController)
[2017-10-02 15:04:35,242] INFO [Partition state machine on Controller 0]: Invoking state change to NewPartition for partitions [device-event,0] (kafka.controller.PartitionStateMachine)
[2017-10-02 15:04:35,245] INFO [Replica state machine on controller 0]: Invoking state change to NewReplica for replicas [Topic=device-event,Partition=0,Replica=0] (kafka.controller.ReplicaStateMachine)
[2017-10-02 15:04:35,251] INFO [Partition state machine on Controller 0]: Invoking state change to OnlinePartition for partitions [device-event,0] (kafka.controller.PartitionStateMachine)
[2017-10-02 15:04:35,252] DEBUG [Partition state machine on Controller 0]: Live assigned replicas for partition [device-event,0] are: [List(0)] (kafka.controller.PartitionStateMachine)
[2017-10-02 15:04:35,264] DEBUG [Partition state machine on Controller 0]: Initializing leader and isr for partition [device-event,0] to (Leader:0,ISR:0,LeaderEpoch:0,ControllerEpoch:2) (kafka.controller.PartitionStateMachine)
[2017-10-02 15:04:35,381] INFO [Replica state machine on controller 0]: Invoking state change to OnlineReplica for replicas [Topic=device-event,Partition=0,Replica=0] (kafka.controller.ReplicaStateMachine)
[2017-10-02 15:04:35,385] INFO [Controller-0-to-broker-0-send-thread]: Controller 0 connected to a-PC:9092 (id: 0 rack: null) for sending state change requests (kafka.controller.RequestSendThread)
[2017-10-02 15:09:17,647] TRACE [Controller 0]: Checking need to trigger auto leader balancing (kafka.controller.KafkaController)
[2017-10-02 15:09:17,648] DEBUG [Controller 0]: Preferred replicas by broker Map(0 -> Map([device-event,0] -> List(0))) (kafka.controller.KafkaController)
[2017-10-02 15:09:17,650] DEBUG [Controller 0]: Topics not in preferred replica Map() (kafka.controller.KafkaController)
[2017-10-02 15:09:17,652] TRACE [Controller 0]: Leader imbalance ratio for broker 0 is 0.0 (kafka.controller.KafkaController)
[2017-10-02 15:14:17,657] TRACE [Controller 0]: Checking need to trigger auto leader balancing (kafka.controller.KafkaController)
[2017-10-02 15:14:17,658] DEBUG [Controller 0]: Preferred replicas by broker Map(0 -> Map([device-event,0] -> List(0))) (kafka.controller.KafkaController)
[2017-10-02 15:14:17,659] DEBUG [Controller 0]: Topics not in preferred replica Map() (kafka.controller.KafkaController)
[2017-10-02 15:14:17,659] TRACE [Controller 0]: Leader imbalance ratio for broker 0 is 0.0 (kafka.controller.KafkaController)
[2017-10-02 15:19:17,664] TRACE [Controller 0]: Checking need to trigger auto leader balancing (kafka.controller.KafkaController)
[2017-10-02 15:19:17,665] DEBUG [Controller 0]: Preferred replicas by broker Map(0 -> Map([device-event,0] -> List(0))) (kafka.controller.KafkaController)
[2017-10-02 15:19:17,665] DEBUG [Controller 0]: Topics not in preferred replica Map() (kafka.controller.KafkaController)
[2017-10-02 15:19:17,665] TRACE [Controller 0]: Leader imbalance ratio for broker 0 is 0.0 (kafka.controller.KafkaController)
[2017-10-02 15:24:17,670] TRACE [Controller 0]: Checking need to trigger auto leader balancing (kafka.controller.KafkaController)
[2017-10-02 15:24:17,671] DEBUG [Controller 0]: Preferred replicas by broker Map(0 -> Map([device-event,0] -> List(0))) (kafka.controller.KafkaController)
[2017-10-02 15:24:17,672] DEBUG [Controller 0]: Topics not in preferred replica Map() (kafka.controller.KafkaController)
[2017-10-02 15:24:17,672] TRACE [Controller 0]: Leader imbalance ratio for broker 0 is 0.0 (kafka.controller.KafkaController)
[2017-10-02 15:29:17,678] TRACE [Controller 0]: Checking need to trigger auto leader balancing (kafka.controller.KafkaController)
[2017-10-02 15:29:17,679] DEBUG [Controller 0]: Preferred replicas by broker Map(0 -> Map([device-event,0] -> List(0))) (kafka.controller.KafkaController)
[2017-10-02 15:29:17,679] DEBUG [Controller 0]: Topics not in preferred replica Map() (kafka.controller.KafkaController)
[2017-10-02 15:29:17,680] TRACE [Controller 0]: Leader imbalance ratio for broker 0 is 0.0 (kafka.controller.KafkaController)
